<?xml version="1.0" encoding="UTF-8"?>
<!-- Generated by org.testng.reporters.JUnitReportReporter -->
<testsuite skipped="0" hostname="DESKTOP-I0FN46G" name="testngTests.TestngParametersTest" tests="1" failures="0" timestamp="15 Dec 2021 00:52:43 GMT" time="2.868" errors="0">
  <testcase name="googleTest" time="2.868" classname="testngTests.TestngParametersTest"/>
</testsuite> <!-- testngTests.TestngParametersTest -->
