<?xml version="1.0" encoding="UTF-8"?>
<!-- Generated by org.testng.reporters.JUnitReportReporter -->
<testsuite skipped="0" hostname="DESKTOP-I0FN46G" name="testngTests.TestNGTest" tests="3" failures="0" timestamp="14 Dec 2021 06:29:23 GMT" time="27.521" errors="0">
  <testcase name="googleTest" time="3.119" classname="testngTests.TestNGTest"/>
  <testcase name="googleEmailNavigation" time="2.095" classname="testngTests.TestNGTest"/>
  <testcase name="facebookTest" time="22.307" classname="testngTests.TestNGTest"/>
</testsuite> <!-- testngTests.TestNGTest -->
