<?xml version="1.0" encoding="UTF-8"?>
<!-- Generated by org.testng.reporters.JUnitReportReporter -->
<testsuite skipped="0" hostname="DESKTOP-I0FN46G" name="testngTests.AnnotationsRemainingTopics" tests="2" failures="0" timestamp="14 Dec 2021 06:22:26 GMT" time="26.399" errors="0">
  <testcase name="yahooTest" time="2.463" classname="testngTests.AnnotationsRemainingTopics"/>
  <testcase name="facebookTest" time="23.936" classname="testngTests.AnnotationsRemainingTopics"/>
</testsuite> <!-- testngTests.AnnotationsRemainingTopics -->
