<?xml version="1.0" encoding="UTF-8"?>
<!-- Generated by org.testng.reporters.JUnitReportReporter -->
<testsuite skipped="0" hostname="DESKTOP-I0FN46G" name="testngTests.ParallelTests" tests="3" failures="0" timestamp="21 Dec 2021 01:30:32 GMT" time="72.527" errors="0">
  <testcase name="googleTest" time="44.374" classname="testngTests.ParallelTests"/>
  <testcase name="facebookTest" time="20.440" classname="testngTests.ParallelTests"/>
  <testcase name="yahooTest" time="7.713" classname="testngTests.ParallelTests"/>
</testsuite> <!-- testngTests.ParallelTests -->
