<?xml version="1.0" encoding="UTF-8"?>
<!-- Generated by org.testng.reporters.JUnitReportReporter -->
<testsuite skipped="0" hostname="DESKTOP-I0FN46G" name="com.qa.tests.OHRM_LoginTest" tests="1" failures="0" timestamp="08 Jan 2022 06:43:05 GMT" time="19.162" errors="0">
  <testcase name="testMethod" time="19.162" classname="com.qa.tests.OHRM_LoginTest"/>
</testsuite> <!-- com.qa.tests.OHRM_LoginTest -->
