<?xml version="1.0" encoding="UTF-8"?>
<!-- Generated by org.testng.reporters.JUnitReportReporter -->
<testsuite skipped="0" hostname="DESKTOP-I0FN46G" name="com.qa.tests.Update_myinfoTest" tests="1" failures="0" timestamp="05 Jan 2022 08:05:04 GMT" time="11.906" errors="0">
  <testcase name="testMethod" time="11.906" classname="com.qa.tests.Update_myinfoTest"/>
</testsuite> <!-- com.qa.tests.Update_myinfoTest -->
