<?xml version="1.0" encoding="UTF-8"?>
<!-- Generated by org.testng.reporters.JUnitReportReporter -->
<testsuite skipped="0" hostname="DESKTOP-I0FN46G" name="testngTests.HtmlUnitDriverTest" tests="1" failures="0" timestamp="21 Dec 2021 00:40:54 GMT" time="1.908" errors="0">
  <testcase name="yahooTest" time="1.908" classname="testngTests.HtmlUnitDriverTest"/>
</testsuite> <!-- testngTests.HtmlUnitDriverTest -->
