<?xml version="1.0" encoding="UTF-8"?>
<!-- Generated by org.testng.reporters.JUnitReportReporter -->
<testsuite skipped="0" hostname="DESKTOP-I0FN46G" name="testngTests.DataProviderTest" tests="1" failures="0" timestamp="20 Dec 2021 03:54:29 GMT" time="9.452" errors="0">
  <testcase name="yahooTest" time="9.452" classname="testngTests.DataProviderTest"/>
</testsuite> <!-- testngTests.DataProviderTest -->
