<?xml version="1.0" encoding="UTF-8"?>
<!-- Generated by org.testng.reporters.JUnitReportReporter -->
<testsuite skipped="0" hostname="DESKTOP-I0FN46G" name="com.qa.tests.OHRM_LoginTest" tests="1" failures="0" timestamp="07 Jan 2022 10:05:12 GMT" time="8.371" errors="0">
  <testcase name="testMethod" time="8.371" classname="com.qa.tests.OHRM_LoginTest"/>
</testsuite> <!-- com.qa.tests.OHRM_LoginTest -->
