<?xml version="1.0" encoding="UTF-8"?>
<!-- Generated by org.testng.reporters.JUnitReportReporter -->
<testsuite skipped="0" hostname="DESKTOP-I0FN46G" name="testngTests.GoogleTest" tests="3" failures="0" timestamp="16 Dec 2021 00:28:56 GMT" time="33.415" errors="0">
  <testcase name="yahooTest" time="4.249" classname="testngTests.GoogleTest"/>
  <testcase name="facebookTest" time="23.505" classname="testngTests.GoogleTest"/>
  <testcase name="googleTest" time="5.661" classname="testngTests.GoogleTest"/>
</testsuite> <!-- testngTests.GoogleTest -->
