<?xml version="1.0" encoding="UTF-8"?>
<!-- Generated by org.testng.reporters.JUnitReportReporter -->
<testsuite skipped="0" hostname="DESKTOP-I0FN46G" name="testngTests.GoogleTest" tests="3" failures="0" timestamp="13 Dec 2021 01:23:20 GMT" time="14.202" errors="0">
  <testcase name="yahooTest" time="1.066" classname="testngTests.GoogleTest"/>
  <testcase name="facebookTest" time="8.411" classname="testngTests.GoogleTest"/>
  <testcase name="googleTest" time="4.725" classname="testngTests.GoogleTest"/>
</testsuite> <!-- testngTests.GoogleTest -->
