<?xml version="1.0" encoding="UTF-8"?>
<!-- Generated by org.testng.reporters.JUnitReportReporter -->
<testsuite skipped="0" hostname="DESKTOP-I0FN46G" name="testngTests.ChromeBrowserCapabilities" tests="1" failures="0" timestamp="16 Dec 2021 01:15:16 GMT" time="14.986" errors="0">
  <testcase name="testMethod" time="14.986" classname="testngTests.ChromeBrowserCapabilities"/>
</testsuite> <!-- testngTests.ChromeBrowserCapabilities -->
