<?xml version="1.0" encoding="UTF-8"?>
<!-- Generated by org.testng.reporters.JUnitReportReporter -->
<testsuite skipped="0" hostname="DESKTOP-I0FN46G" name="testngTests.TestngParametersTest2" tests="1" failures="0" timestamp="14 Dec 2021 06:50:22 GMT" time="38.887" errors="0">
  <testcase name="googleTest" time="38.887" classname="testngTests.TestngParametersTest2"/>
</testsuite> <!-- testngTests.TestngParametersTest2 -->
