<?xml version="1.0" encoding="UTF-8"?>
<!-- Generated by org.testng.reporters.JUnitReportReporter -->
<testsuite skipped="0" hostname="DESKTOP-I0FN46G" name="testngTests.AnnotationsTest" tests="1" failures="0" timestamp="13 Dec 2021 00:30:53 GMT" time="7.069" errors="0">
  <testcase name="yahooTest" time="7.069" classname="testngTests.AnnotationsTest"/>
</testsuite> <!-- testngTests.AnnotationsTest -->
