<?xml version="1.0" encoding="UTF-8"?>
<!-- Generated by org.testng.reporters.JUnitReportReporter -->
<testsuite skipped="0" hostname="DESKTOP-I0FN46G" name="testngTests.GoogleTest" tests="3" failures="0" timestamp="14 Dec 2021 06:42:16 GMT" time="28.958" errors="0">
  <testcase name="yahooTest" time="1.117" classname="testngTests.GoogleTest"/>
  <testcase name="facebookTest" time="22.999" classname="testngTests.GoogleTest"/>
  <testcase name="googleTest" time="4.842" classname="testngTests.GoogleTest"/>
</testsuite> <!-- testngTests.GoogleTest -->
