<?xml version="1.0" encoding="UTF-8"?>
<!-- Generated by org.testng.reporters.JUnitReportReporter -->
<testsuite skipped="0" hostname="DESKTOP-I0FN46G" name="testngTests.GoogleTest" tests="3" failures="0" timestamp="10 Dec 2021 06:50:00 GMT" time="8.106" errors="0">
  <testcase name="yahooTest" time="2.589" classname="testngTests.GoogleTest"/>
  <testcase name="facebookTest" time="1.489" classname="testngTests.GoogleTest"/>
  <testcase name="googleTest" time="4.028" classname="testngTests.GoogleTest"/>
</testsuite> <!-- testngTests.GoogleTest -->
