<?xml version="1.0" encoding="UTF-8"?>
<!-- Generated by org.testng.reporters.JUnitReportReporter -->
<testsuite skipped="0" hostname="DESKTOP-I0FN46G" name="com.qa.tests.GoogleTest" tests="1" failures="0" timestamp="04 Jan 2022 01:51:37 GMT" time="7.897" errors="0">
  <testcase name="testMethod" time="7.897" classname="com.qa.tests.GoogleTest"/>
</testsuite> <!-- com.qa.tests.GoogleTest -->
