<?xml version="1.0" encoding="UTF-8"?>
<!-- Generated by org.testng.reporters.JUnitReportReporter -->
<testsuite skipped="0" hostname="DESKTOP-I0FN46G" name="com.qa.tests.OHRM_LoginTest" tests="1" failures="0" timestamp="2022-01-08T12:20:01 IST" time="18.939" errors="0">
  <testcase name="testMethod" time="18.939" classname="com.qa.tests.OHRM_LoginTest"/>
  <system-out/>
</testsuite> <!-- com.qa.tests.OHRM_LoginTest -->
